    Finished `release` profile [optimized] target(s) in 0.19s
     Running `target/release/rusty-beam`
Configuration loaded:
Loaded configuration from config/config.html
  Configured hosts: 2
    Host: example.com -> ./examples/example-com
    Host: localhost -> ./examples/localhost
  Server root: ./examples/files
  Bind address: 127.0.0.1:3000
DEBUG: Authorization rule 0: user='admin', resource='/*', methods=["GET", "PUT", "POST", "DELETE"], permission=Allow
DEBUG: Authorization rule 1: user='admin', resource='/*#(selector=*)', methods=["GET", "PUT", "POST", "DELETE"], permission=Allow
DEBUG: Authorization rule 2: user='administrators', resource='/*', methods=["GET", "PUT", "POST", "DELETE"], permission=Allow
DEBUG: Authorization rule 3: user='*', resource='/*', methods=["GET"], permission=Allow
DEBUG: Authorization rule 4: user='*', resource='/*', methods=["PUT", "POST", "DELETE"], permission=Deny
DEBUG: Authorization rule 5: user='*', resource='/guestbook/#(selector=ul.entry)', methods=["POST"], permission=Allow
DEBUG: Authorization rule 6: user='*', resource='/users/:username/*', methods=["GET", "PUT", "POST", "DELETE"], permission=Deny
DEBUG: Authorization rule 7: user=':username', resource='/users/:username/*', methods=["GET", "PUT", "POST", "DELETE"], permission=Allow
DEBUG: Authorization rule 8: user='*', resource='/admin/*', methods=["GET", "PUT", "POST", "DELETE"], permission=Deny
DEBUG: Authorization rule 9: user='administrators', resource='/admin/*', methods=["GET", "PUT", "POST", "DELETE"], permission=Allow
Loaded file-authz plugin for host: localhost
Server running on http://127.0.0.1:3000
Serving files from: ./examples/files
  GET    /path/to/file   - Download file or list directory
  PUT    /path/to/file   - Upload/overwrite file
  POST   /path/to/file   - Append to file
  DELETE /path/to/file   - Delete file or directory
Using default server root for unknown host '127.0.0.1'
Received request for: ./examples/files/index.html
Handling request for: /workspaces/rusty-beam/examples/files/index.html
